# JRE version: OpenJDK Runtime Environment (8.0_112-b06) (build 1.8.0_112-release-b06)
# Java VM: OpenJDK 64-Bit Server VM (25.112-b06 mixed mode linux-amd64 compressed oops)
Heap:
 PSYoungGen      total 349696K, used 52317K [0x00000000e0000000, 0x0000000100000000, 0x0000000100000000)
  eden space 175104K, 0% used [0x00000000e0000000,0x00000000e0000000,0x00000000eab00000)
  from space 174592K, 29% used [0x00000000eab00000,0x00000000ede175d0,0x00000000f5580000)
  to   space 174592K, 0% used [0x00000000f5580000,0x00000000f5580000,0x0000000100000000)
 ParOldGen       total 259584K, used 259546K [0x00000000a0000000, 0x00000000afd80000, 0x00000000e0000000)
  object space 259584K, 99% used [0x00000000a0000000,0x00000000afd76a58,0x00000000afd80000)
 Metaspace       used 96429K, capacity 99880K, committed 105496K, reserved 1140736K
  class space    used 12296K, capacity 12969K, committed 13848K, reserved 1048576K
GC Heap History (10 events):
Event: 2411.758 GC heap after
Heap after GC invocations=25 (full 4):
 PSYoungGen      total 288256K, used 56819K [0x00000000e0000000, 0x00000000f9500000, 0x0000000100000000)
  eden space 182784K, 0% used [0x00000000e0000000,0x00000000e0000000,0x00000000eb280000)
  from space 105472K, 53% used [0x00000000eb280000,0x00000000ee9fcd48,0x00000000f1980000)
  to   space 105472K, 0% used [0x00000000f2e00000,0x00000000f2e00000,0x00000000f9500000)
 ParOldGen       total 259584K, used 150810K [0x00000000a0000000, 0x00000000afd80000, 0x00000000e0000000)
  object space 259584K, 58% used [0x00000000a0000000,0x00000000a9346a40,0x00000000afd80000)
 Metaspace       used 85776K, capacity 88798K, committed 91288K, reserved 1128448K
  class space    used 10931K, capacity 11524K, committed 12184K, reserved 1048576K
}
Event: 2514.305 GC heap before
{Heap before GC invocations=26 (full 4):
 PSYoungGen      total 288256K, used 239603K [0x00000000e0000000, 0x00000000f9500000, 0x0000000100000000)
  eden space 182784K, 100% used [0x00000000e0000000,0x00000000eb280000,0x00000000eb280000)
  from space 105472K, 53% used [0x00000000eb280000,0x00000000ee9fcd48,0x00000000f1980000)
  to   space 105472K, 0% used [0x00000000f2e00000,0x00000000f2e00000,0x00000000f9500000)
 ParOldGen       total 259584K, used 150810K [0x00000000a0000000, 0x00000000afd80000, 0x00000000e0000000)
  object space 259584K, 58% used [0x00000000a0000000,0x00000000a9346a40,0x00000000afd80000)
 Metaspace       used 89479K, capacity 92634K, committed 95000K, reserved 1132544K
  class space    used 11420K, capacity 12034K, committed 12568K, reserved 1048576K
Event: 2514.399 GC heap after
Heap after GC invocations=26 (full 4):
 PSYoungGen      total 292352K, used 102848K [0x00000000e0000000, 0x00000000fb280000, 0x0000000100000000)
  eden space 186880K, 0% used [0x00000000e0000000,0x00000000e0000000,0x00000000eb680000)
  from space 105472K, 97% used [0x00000000f2e00000,0x00000000f9270140,0x00000000f9500000)
  to   space 122368K, 0% used [0x00000000eb680000,0x00000000eb680000,0x00000000f2e00000)
 ParOldGen       total 259584K, used 150818K [0x00000000a0000000, 0x00000000afd80000, 0x00000000e0000000)
  object space 259584K, 58% used [0x00000000a0000000,0x00000000a9348a40,0x00000000afd80000)
 Metaspace       used 89479K, capacity 92634K, committed 95000K, reserved 1132544K
  class space    used 11420K, capacity 12034K, committed 12568K, reserved 1048576K
}
Event: 2587.588 GC heap before
{Heap before GC invocations=27 (full 4):
 PSYoungGen      total 292352K, used 289728K [0x00000000e0000000, 0x00000000fb280000, 0x0000000100000000)
  eden space 186880K, 100% used [0x00000000e0000000,0x00000000eb680000,0x00000000eb680000)
  from space 105472K, 97% used [0x00000000f2e00000,0x00000000f9270140,0x00000000f9500000)
  to   space 122368K, 0% used [0x00000000eb680000,0x00000000eb680000,0x00000000f2e00000)
 ParOldGen       total 259584K, used 150818K [0x00000000a0000000, 0x00000000afd80000, 0x00000000e0000000)
  object space 259584K, 58% used [0x00000000a0000000,0x00000000a9348a40,0x00000000afd80000)
 Metaspace       used 93787K, capacity 97078K, committed 99096K, reserved 1134592K
  class space    used 11973K, capacity 12622K, committed 13080K, reserved 1048576K
Event: 2587.769 GC heap after
Heap after GC invocations=27 (full 4):
 PSYoungGen      total 309248K, used 122351K [0x00000000e0000000, 0x00000000ffc00000, 0x0000000100000000)
  eden space 186880K, 0% used [0x00000000e0000000,0x00000000e0000000,0x00000000eb680000)
  from space 122368K, 99% used [0x00000000eb680000,0x00000000f2dfbd08,0x00000000f2e00000)
  to   space 159232K, 0% used [0x00000000f6080000,0x00000000f6080000,0x00000000ffc00000)
 ParOldGen       total 259584K, used 196024K [0x00000000a0000000, 0x00000000afd80000, 0x00000000e0000000)
  object space 259584K, 75% used [0x00000000a0000000,0x00000000abf6e370,0x00000000afd80000)
 Metaspace       used 93787K, capacity 97078K, committed 99096K, reserved 1134592K
  class space    used 11973K, capacity 12622K, committed 13080K, reserved 1048576K
}
Event: 2589.864 GC heap before
{Heap before GC invocations=28 (full 4):
 PSYoungGen      total 309248K, used 309231K [0x00000000e0000000, 0x00000000ffc00000, 0x0000000100000000)
  eden space 186880K, 100% used [0x00000000e0000000,0x00000000eb680000,0x00000000eb680000)
  from space 122368K, 99% used [0x00000000eb680000,0x00000000f2dfbd08,0x00000000f2e00000)
  to   space 159232K, 0% used [0x00000000f6080000,0x00000000f6080000,0x00000000ffc00000)
 ParOldGen       total 259584K, used 196024K [0x00000000a0000000, 0x00000000afd80000, 0x00000000e0000000)
  object space 259584K, 75% used [0x00000000a0000000,0x00000000abf6e370,0x00000000afd80000)
 Metaspace       used 96741K, capacity 100246K, committed 102040K, reserved 1138688K
  class space    used 12318K, capacity 13010K, committed 13464K, reserved 1048576K
Event: 2590.014 GC heap after
Heap after GC invocations=28 (full 4):
 PSYoungGen      total 334336K, used 159222K [0x00000000e0000000, 0x0000000100000000, 0x0000000100000000)
  eden space 175104K, 0% used [0x00000000e0000000,0x00000000e0000000,0x00000000eab00000)
  from space 159232K, 99% used [0x00000000f6080000,0x00000000ffbfdb18,0x00000000ffc00000)
  to   space 174592K, 0% used [0x00000000eab00000,0x00000000eab00000,0x00000000f5580000)
 ParOldGen       total 259584K, used 204649K [0x00000000a0000000, 0x00000000afd80000, 0x00000000e0000000)
  object space 259584K, 78% used [0x00000000a0000000,0x00000000ac7da498,0x00000000afd80000)
 Metaspace       used 96741K, capacity 100246K, committed 102040K, reserved 1138688K
  class space    used 12318K, capacity 13010K, committed 13464K, reserved 1048576K
}
Event: 2601.568 GC heap before
{Heap before GC invocations=29 (full 4):
 PSYoungGen      total 334336K, used 334326K [0x00000000e0000000, 0x0000000100000000, 0x0000000100000000)
  eden space 175104K, 100% used [0x00000000e0000000,0x00000000eab00000,0x00000000eab00000)
  from space 159232K, 99% used [0x00000000f6080000,0x00000000ffbfdb18,0x00000000ffc00000)
  to   space 174592K, 0% used [0x00000000eab00000,0x00000000eab00000,0x00000000f5580000)
 ParOldGen       total 259584K, used 204649K [0x00000000a0000000, 0x00000000afd80000, 0x00000000e0000000)
  object space 259584K, 78% used [0x00000000a0000000,0x00000000ac7da498,0x00000000afd80000)
 Metaspace       used 100420K, capacity 103936K, committed 105496K, reserved 1140736K
  class space    used 12831K, capacity 13531K, committed 13848K, reserved 1048576K
Event: 2601.712 GC heap after
Heap after GC invocations=29 (full 4):
 PSYoungGen      total 349696K, used 174587K [0x00000000e0000000, 0x0000000100000000, 0x0000000100000000)
  eden space 175104K, 0% used [0x00000000e0000000,0x00000000e0000000,0x00000000eab00000)
  from space 174592K, 99% used [0x00000000eab00000,0x00000000f557efd0,0x00000000f5580000)
  to   space 174592K, 0% used [0x00000000f5580000,0x00000000f5580000,0x0000000100000000)
 ParOldGen       total 259584K, used 221637K [0x00000000a0000000, 0x00000000afd80000, 0x00000000e0000000)
  object space 259584K, 85% used [0x00000000a0000000,0x00000000ad871540,0x00000000afd80000)
 Metaspace       used 100420K, capacity 103936K, committed 105496K, reserved 1140736K
  class space    used 12831K, capacity 13531K, committed 13848K, reserved 1048576K
}
Event: 2601.712 GC heap before
{Heap before GC invocations=30 (full 5):
 PSYoungGen      total 349696K, used 174587K [0x00000000e0000000, 0x0000000100000000, 0x0000000100000000)
  eden space 175104K, 0% used [0x00000000e0000000,0x00000000e0000000,0x00000000eab00000)
  from space 174592K, 99% used [0x00000000eab00000,0x00000000f557efd0,0x00000000f5580000)
  to   space 174592K, 0% used [0x00000000f5580000,0x00000000f5580000,0x0000000100000000)
 ParOldGen       total 259584K, used 221637K [0x00000000a0000000, 0x00000000afd80000, 0x00000000e0000000)
  object space 259584K, 85% used [0x00000000a0000000,0x00000000ad871540,0x00000000afd80000)
 Metaspace       used 100420K, capacity 103936K, committed 105496K, reserved 1140736K
  class space    used 12831K, capacity 13531K, committed 13848K, reserved 1048576K

